<?xml version="1.0" encoding="UTF-8"?>
<!-- Generated by org.testng.reporters.JUnitXMLReporter -->
<testsuite ignored="0" hostname="LAPTOP-1MIVAD9R" failures="1" tests="2" name="browser" time="16.545" errors="0" timestamp="2026-01-18T18:20:45 IST">
  <testcase classname="com.test.loginTestCases.LoginDemoTest" name="testFailure" time="0.095">
    <failure type="java.lang.AssertionError" message="Failed Test Case">
      <![CDATA[java.lang.AssertionError: Failed Test Case
at com.test.loginTestCases.LoginDemoTest.testFailure(LoginDemoTest.java:26)
at java.base/java.util.ArrayList.forEach(ArrayList.java:1596)
... Removed 26 stack frames]]>
    </failure>
  </testcase> <!-- testFailure -->
  <testcase classname="com.test.loginTestCases.LoginDemoTest" name="userLogIn" time="0.415"/>
</testsuite> <!-- browser -->
