<?xml version="1.0" encoding="UTF-8"?>
<testng-results ignored="0" total="1" passed="1" failed="0" skipped="0">
  <reporter-output>
  </reporter-output>
  <suite started-at="2026-01-29T16:23:35 IST" name="Surefire suite" finished-at="2026-01-29T16:23:48 IST" duration-ms="12807">
    <groups>
    </groups>
    <test started-at="2026-01-29T16:23:35 IST" name="Surefire test" finished-at="2026-01-29T16:23:48 IST" duration-ms="12807">
      <class name="com.test.loginTestCases.LoginDemoTest">
        <test-method is-config="true" signature="SetUp(java.lang.String)[pri:0, instance:com.test.loginTestCases.LoginDemoTest@1e1a0406]" started-at="2026-01-29T16:23:35 IST" name="SetUp" finished-at="2026-01-29T16:23:47 IST" duration-ms="11820" status="PASS">
          <params>
            <param index="0">
              <value>
                <![CDATA[Chrome]]>
              </value>
            </param>
          </params>
          <reporter-output>
          </reporter-output>
        </test-method> <!-- SetUp -->
        <test-method signature="userLogIn()[pri:0, instance:com.test.loginTestCases.LoginDemoTest@1e1a0406]" started-at="2026-01-29T16:23:47 IST" name="userLogIn" finished-at="2026-01-29T16:23:48 IST" duration-ms="428" status="PASS">
          <reporter-output>
          </reporter-output>
        </test-method> <!-- userLogIn -->
        <test-method is-config="true" signature="tearDown()[pri:0, instance:com.test.loginTestCases.LoginDemoTest@1e1a0406]" started-at="2026-01-29T16:23:48 IST" name="tearDown" finished-at="2026-01-29T16:23:48 IST" duration-ms="328" status="PASS">
          <reporter-output>
          </reporter-output>
        </test-method> <!-- tearDown -->
      </class> <!-- com.test.loginTestCases.LoginDemoTest -->
    </test> <!-- Surefire test -->
  </suite> <!-- Surefire suite -->
</testng-results>
