<?xml version="1.0" encoding="UTF-8"?>
<testng-results ignored="0" total="1" passed="1" failed="0" skipped="0">
  <reporter-output>
  </reporter-output>
  <suite started-at="2026-01-29T16:12:53 IST" name="Default suite" finished-at="2026-01-29T16:13:07 IST" duration-ms="14689">
    <groups>
    </groups>
    <test started-at="2026-01-29T16:12:53 IST" name="Default test" finished-at="2026-01-29T16:13:07 IST" duration-ms="14689">
      <class name="com.test.loginTestCases.LoginDemoTest">
        <test-method is-config="true" signature="SetUp(java.lang.String)[pri:0, instance:com.test.loginTestCases.LoginDemoTest@1b66c0fb]" started-at="2026-01-29T16:12:53 IST" name="SetUp" finished-at="2026-01-29T16:13:06 IST" duration-ms="13252" status="PASS">
          <params>
            <param index="0">
              <value>
                <![CDATA[Chrome]]>
              </value>
            </param>
          </params>
          <reporter-output>
          </reporter-output>
        </test-method> <!-- SetUp -->
        <test-method signature="userLogIn()[pri:0, instance:com.test.loginTestCases.LoginDemoTest@1b66c0fb]" started-at="2026-01-29T16:13:06 IST" name="userLogIn" finished-at="2026-01-29T16:13:07 IST" duration-ms="832" status="PASS">
          <reporter-output>
          </reporter-output>
        </test-method> <!-- userLogIn -->
        <test-method is-config="true" signature="tearDown()[pri:0, instance:com.test.loginTestCases.LoginDemoTest@1b66c0fb]" started-at="2026-01-29T16:13:07 IST" name="tearDown" finished-at="2026-01-29T16:13:07 IST" duration-ms="296" status="PASS">
          <reporter-output>
          </reporter-output>
        </test-method> <!-- tearDown -->
      </class> <!-- com.test.loginTestCases.LoginDemoTest -->
    </test> <!-- Default test -->
  </suite> <!-- Default suite -->
</testng-results>
